echo blah
echo blah
echo hello world
kill
kill
kill
klkjflajjfa
wfkhakfa
[





kil
echo hello world
kill
killl
jkdjhakd
exit
echo hello
exit
echo hello
exit
exit
exit
exit
exit
echo hlelo
exit
exit
pwd
ls -l -a
mkdir temp
ps -h
man ls
echo hello
exit
echo hello
pwd
man ls
man echo
[Aexit
ls
pwd 
man ls 
ps -h 
pwd
pwd 
ps -h
ps -h 
pwd
pwd 
exit
exit
pwd
pwd
ps -h
man ls
man ls
man ls 
exit
man ls
exit
man ls
exit
exit
man ls
exit
man ls
exit
echo hello world
echo hello world
echo hello world
echo hello world
echo hello world
exit
man ls
echo hello
echo hello
echo hello
echo hello
echo hello
exit
echo hello
man ls
man ls
exit
echo hello
echo hello
echo hello
exit
echo hwllo
echo hwllo
pwd
pwd
pwd
pwd
pwd
echo hello
echo hello
echo hello
echo hello
echo hello
echo test
echo test
echo test
echo test
echo test
echo test
echo test
echo hello
echo hello
exit
echo hello
echo hello
echo hello
echo hello
echo hello
echo hello
exit
echo hello
echo hello
exit
echo hello
man ls
echo hello
ecit
exit
ext
exit
exit
exit
exit
echo hello
exit
echo hello
man ls
echo hello
exit
exit
exit
exit
echo hello
man ls
exit
echo hello
man ls
nano cs392_shell.log
pwd
make
./cs392_shell
exit
exit






exit
echo hello
man ls
pwd
exit
nano cs392_shell.log
exit
echo hello
man ls
pwd
exit
echo hello
man ls
pwd
exit
man ls
pwd
echo hello
echo hello
exit
asdfghjkl
exit
	
ls			
ls 			
ps -h
exit
exit
ls
./cs392_shell
exit
exit
man ls
man strtok
exit
exit
echo hello
pwd
echo hello
pwd
exit
ls
exit
echo hello
exit
echo hello
echo hello
man man
ls
pwd
echo hello
exit
echo hello
cd
cd ..
pwd
exit
